<?xml version="1.0" encoding="UTF-8"?>
<!-- Generated by org.testng.reporters.JUnitReportReporter -->
<testsuite hostname="DESKTOP-C89ERP2" name="failRun.Test3" tests="1" failures="0" timestamp="21 Jul 2020 11:14:27 GMT" time="0.090" errors="0">
  <testcase name="tesThree" time="0.090" classname="failRun.Test3"/>
</testsuite> <!-- failRun.Test3 -->
