<?xml version="1.0" encoding="UTF-8"?>
<!-- Generated by org.testng.reporters.JUnitReportReporter -->
<testsuite hostname="DESKTOP-C89ERP2" name="failRun.Test4" tests="1" failures="0" timestamp="22 Jul 2020 06:33:40 GMT" time="0.075" errors="0">
  <testcase name="tesFour" time="0.075" classname="failRun.Test4"/>
</testsuite> <!-- failRun.Test4 -->
